0 info it worked if it ends with ok
1 verbose cli [ 'C:\\Program Files (x86)\\nodejs\\node.exe',
1 verbose cli   'C:\\Program Files (x86)\\nodejs\\node_modules\\npm\\bin\\npm-cli.js',
1 verbose cli   'install' ]
2 info using npm@2.14.12
3 info using node@v4.2.6
4 verbose readDependencies loading dependencies from C:\Users\raing\Desktop\px-dropdown\package.json
5 verbose install where, deps [ 'C:\\Users\\raing\\Desktop\\px-dropdown',
5 verbose install   [ 'grunt',
5 verbose install     'grunt-sass',
5 verbose install     'grunt-shell',
5 verbose install     'grunt-contrib-clean',
5 verbose install     'grunt-contrib-jshint',
5 verbose install     'grunt-contrib-watch',
5 verbose install     'grunt-dep-serve',
5 verbose install     'webdriver-support',
5 verbose install     'grunt-autoprefixer',
5 verbose install     'node-sass-import-once',
5 verbose install     'grunt-concurrent' ] ]
6 verbose install where, peers [ 'C:\\Users\\raing\\Desktop\\px-dropdown', [] ]
7 verbose installManyTop reading for lifecycle C:\Users\raing\Desktop\px-dropdown\package.json
8 info preinstall px-dropdown@0.0.1
9 verbose installManyTop reading scoped package data from C:\Users\raing\Desktop\px-dropdown\node_modules\grunt\package.json
10 verbose installManyTop reading scoped package data from C:\Users\raing\Desktop\px-dropdown\node_modules\grunt-autoprefixer\package.json
11 verbose installManyTop reading scoped package data from C:\Users\raing\Desktop\px-dropdown\node_modules\grunt-concurrent\package.json
12 verbose installManyTop reading scoped package data from C:\Users\raing\Desktop\px-dropdown\node_modules\grunt-contrib-clean\package.json
13 verbose installManyTop reading scoped package data from C:\Users\raing\Desktop\px-dropdown\node_modules\grunt-contrib-jshint\package.json
14 verbose installManyTop reading scoped package data from C:\Users\raing\Desktop\px-dropdown\node_modules\grunt-contrib-watch\package.json
15 verbose installManyTop reading scoped package data from C:\Users\raing\Desktop\px-dropdown\node_modules\grunt-dep-serve\package.json
16 verbose installManyTop reading scoped package data from C:\Users\raing\Desktop\px-dropdown\node_modules\grunt-sass\package.json
17 verbose installManyTop reading scoped package data from C:\Users\raing\Desktop\px-dropdown\node_modules\grunt-shell\package.json
18 verbose installManyTop reading scoped package data from C:\Users\raing\Desktop\px-dropdown\node_modules\node-sass-import-once\package.json
19 info package.json grunt-dep-serve@0.0.2 No license field.
20 info package.json grunt@0.4.5 No license field.
21 info package.json grunt-contrib-clean@0.6.0 No license field.
22 info package.json grunt-contrib-jshint@0.10.0 No license field.
23 info package.json grunt-contrib-watch@0.6.1 No license field.
24 info package.json node-sass-import-once@1.2.0 license should be a valid SPDX license expression
25 verbose readDependencies loading dependencies from C:\Users\raing\Desktop\px-dropdown\package.json
26 verbose targetResolver reading package data from C:\Users\raing\Desktop\px-dropdown\node_modules\grunt\package.json
27 verbose targetResolver reading package data from C:\Users\raing\Desktop\px-dropdown\node_modules\grunt-autoprefixer\package.json
28 verbose targetResolver reading package data from C:\Users\raing\Desktop\px-dropdown\node_modules\grunt-concurrent\package.json
29 verbose targetResolver reading package data from C:\Users\raing\Desktop\px-dropdown\node_modules\grunt-contrib-clean\package.json
30 verbose targetResolver reading package data from C:\Users\raing\Desktop\px-dropdown\node_modules\grunt-contrib-jshint\package.json
31 verbose targetResolver reading package data from C:\Users\raing\Desktop\px-dropdown\node_modules\grunt-contrib-watch\package.json
32 verbose targetResolver reading package data from C:\Users\raing\Desktop\px-dropdown\node_modules\grunt-dep-serve\package.json
33 verbose targetResolver reading package data from C:\Users\raing\Desktop\px-dropdown\node_modules\grunt-sass\package.json
34 verbose targetResolver reading package data from C:\Users\raing\Desktop\px-dropdown\node_modules\grunt-shell\package.json
35 verbose targetResolver reading package data from C:\Users\raing\Desktop\px-dropdown\node_modules\node-sass-import-once\package.json
36 verbose already installed skipping node-sass-import-once@^1.2.0 C:\Users\raing\Desktop\px-dropdown
37 verbose already installed skipping grunt-concurrent@^2.0.1 C:\Users\raing\Desktop\px-dropdown
38 verbose already installed skipping grunt@~v0.4.5 C:\Users\raing\Desktop\px-dropdown
39 verbose already installed skipping grunt-sass@^v1.0.0 C:\Users\raing\Desktop\px-dropdown
40 verbose already installed skipping grunt-shell@~v1.1.1 C:\Users\raing\Desktop\px-dropdown
41 verbose already installed skipping grunt-contrib-clean@~v0.6.0 C:\Users\raing\Desktop\px-dropdown
42 verbose already installed skipping grunt-contrib-jshint@~v0.10.0 C:\Users\raing\Desktop\px-dropdown
43 verbose already installed skipping grunt-contrib-watch@~v0.6.1 C:\Users\raing\Desktop\px-dropdown
44 silly cache add args [ 'grunt-dep-serve@git+https://github.com/GeneralElectric/grunt-dep-serve.git#master',
44 silly cache add   null ]
45 verbose cache add spec grunt-dep-serve@git+https://github.com/GeneralElectric/grunt-dep-serve.git#master
46 silly cache add args [ 'webdriver-support@git://github.build.ge.com/DT/webdriver-support.git#v2.2.0',
46 silly cache add   null ]
47 verbose cache add spec webdriver-support@git://github.build.ge.com/DT/webdriver-support.git#v2.2.0
48 verbose already installed skipping grunt-autoprefixer@^3.0.3 C:\Users\raing\Desktop\px-dropdown
49 silly cache add parsed spec Result {
49 silly cache add   raw: 'grunt-dep-serve@git+https://github.com/GeneralElectric/grunt-dep-serve.git#master',
49 silly cache add   scope: null,
49 silly cache add   name: 'grunt-dep-serve',
49 silly cache add   rawSpec: 'git+https://github.com/GeneralElectric/grunt-dep-serve.git#master',
49 silly cache add   spec: 'git+https://github.com/GeneralElectric/grunt-dep-serve.git#master',
49 silly cache add   type: 'hosted',
49 silly cache add   hosted:
49 silly cache add    { type: 'github',
49 silly cache add      ssh: 'git@github.com:GeneralElectric/grunt-dep-serve.git#master',
49 silly cache add      sshUrl: 'git+ssh://git@github.com/GeneralElectric/grunt-dep-serve.git#master',
49 silly cache add      httpsUrl: 'git+https://github.com/GeneralElectric/grunt-dep-serve.git#master',
49 silly cache add      gitUrl: 'git://github.com/GeneralElectric/grunt-dep-serve.git#master',
49 silly cache add      shortcut: 'github:GeneralElectric/grunt-dep-serve#master',
49 silly cache add      directUrl: 'https://raw.githubusercontent.com/GeneralElectric/grunt-dep-serve/master/package.json' } }
50 verbose addRemoteGit caching git+https://github.com/GeneralElectric/grunt-dep-serve.git#master
51 verbose addRemoteGit git+https://github.com/GeneralElectric/grunt-dep-serve.git#master is a repository hosted by github
52 silly tryClone cloning git+https://github.com/GeneralElectric/grunt-dep-serve.git#master via git+https://github.com/GeneralElectric/grunt-dep-serve.git#master
53 verbose tryClone https-github-com-GeneralElectric-grunt-dep-serve-git-bf2ecdf9 not in flight; caching
54 silly cache add parsed spec Result {
54 silly cache add   raw: 'webdriver-support@git://github.build.ge.com/DT/webdriver-support.git#v2.2.0',
54 silly cache add   scope: null,
54 silly cache add   name: 'webdriver-support',
54 silly cache add   rawSpec: 'git://github.build.ge.com/DT/webdriver-support.git#v2.2.0',
54 silly cache add   spec: 'git://github.build.ge.com/DT/webdriver-support.git#v2.2.0',
54 silly cache add   type: 'git' }
55 verbose addRemoteGit caching git://github.build.ge.com/DT/webdriver-support.git#v2.2.0
56 silly tryClone cloning git://github.build.ge.com/DT/webdriver-support.git#v2.2.0 via git://github.build.ge.com/DT/webdriver-support.git#v2.2.0
57 verbose tryClone git-github-build-ge-com-DT-webdriver-support-git-f2c4bae3 not in flight; caching
58 info git [ 'config', '--get', 'remote.origin.url' ]
59 info git [ 'clone',
59 info git   '--template=C:\\Users\\raing\\AppData\\Roaming\\npm-cache\\_git-remotes\\_templates',
59 info git   '--mirror',
59 info git   'git://github.build.ge.com/DT/webdriver-support.git',
59 info git   'C:\\Users\\raing\\AppData\\Roaming\\npm-cache\\_git-remotes\\git-github-build-ge-com-DT-webdriver-support-git-f2c4bae3' ]
60 silly validateExistingRemote git+https://github.com/GeneralElectric/grunt-dep-serve.git#master remote.origin.url: https://github.com/GeneralElectric/grunt-dep-serve.git
61 verbose validateExistingRemote git+https://github.com/GeneralElectric/grunt-dep-serve.git#master is updating existing cached remote C:\Users\raing\AppData\Roaming\npm-cache\_git-remotes\https-github-com-GeneralElectric-grunt-dep-serve-git-bf2ecdf9
62 info git [ 'fetch', '-a', 'origin' ]
63 error git clone --template=C:\Users\raing\AppData\Roaming\npm-cache\_git-remotes\_templates --mirror git://github.build.ge.com/DT/webdriver-support.git C:\Users\raing\AppData\Roaming\npm-cache\_git-remotes\git-github-build-ge-com-DT-webdriver-support-git-f2c4bae3: Cloning into bare repository 'C:\Users\raing\AppData\Roaming\npm-cache\_git-remotes\git-github-build-ge-com-DT-webdriver-support-git-f2c4bae3'...
63 error git clone --template=C:\Users\raing\AppData\Roaming\npm-cache\_git-remotes\_templates --mirror git://github.build.ge.com/DT/webdriver-support.git C:\Users\raing\AppData\Roaming\npm-cache\_git-remotes\git-github-build-ge-com-DT-webdriver-support-git-f2c4bae3: fatal: Unable to look up github.build.ge.com (port 9418) (No such host is known. )
64 verbose updateRemote git fetch -a origin (https://github.com/GeneralElectric/grunt-dep-serve.git)
65 verbose setPermissions git+https://github.com/GeneralElectric/grunt-dep-serve.git#master skipping chownr on Windows
66 verbose resolveHead git+https://github.com/GeneralElectric/grunt-dep-serve.git#master original treeish: master
67 info git [ 'rev-list', '-n1', 'master' ]
68 silly resolveHead git+https://github.com/GeneralElectric/grunt-dep-serve.git#master resolved treeish: bd9fe8b1cd2b4338f2a619c401a8b590bbee0418
69 verbose resolveHead git+https://github.com/GeneralElectric/grunt-dep-serve.git#master resolved Git URL: git+https://github.com/GeneralElectric/grunt-dep-serve.git#bd9fe8b1cd2b4338f2a619c401a8b590bbee0418
70 silly resolveHead Git working directory: C:\Users\raing\AppData\Local\Temp\npm-9244-a5e5a575\git-cache-49b6c5a54dfc\bd9fe8b1cd2b4338f2a619c401a8b590bbee0418
71 info git [ 'clone',
71 info git   'C:\\Users\\raing\\AppData\\Roaming\\npm-cache\\_git-remotes\\https-github-com-GeneralElectric-grunt-dep-serve-git-bf2ecdf9',
71 info git   'C:\\Users\\raing\\AppData\\Local\\Temp\\npm-9244-a5e5a575\\git-cache-49b6c5a54dfc\\bd9fe8b1cd2b4338f2a619c401a8b590bbee0418' ]
72 verbose cloneResolved git+https://github.com/GeneralElectric/grunt-dep-serve.git#master clone Cloning into 'C:\Users\raing\AppData\Local\Temp\npm-9244-a5e5a575\git-cache-49b6c5a54dfc\bd9fe8b1cd2b4338f2a619c401a8b590bbee0418'...
72 verbose cloneResolved done.
73 info git [ 'checkout', 'bd9fe8b1cd2b4338f2a619c401a8b590bbee0418' ]
74 verbose checkoutTreeish git+https://github.com/GeneralElectric/grunt-dep-serve.git#master checkout Note: checking out 'bd9fe8b1cd2b4338f2a619c401a8b590bbee0418'.
74 verbose checkoutTreeish
74 verbose checkoutTreeish You are in 'detached HEAD' state. You can look around, make experimental
74 verbose checkoutTreeish changes and commit them, and you can discard any commits you make in this
74 verbose checkoutTreeish state without impacting any branches by performing another checkout.
74 verbose checkoutTreeish
74 verbose checkoutTreeish If you want to create a new branch to retain commits you create, you may
74 verbose checkoutTreeish do so (now or later) by using -b with the checkout command again. Example:
74 verbose checkoutTreeish
74 verbose checkoutTreeish   git checkout -b <new-branch-name>
74 verbose checkoutTreeish
74 verbose checkoutTreeish HEAD is now at bd9fe8b... uprev.
75 verbose addLocalDirectory C:\Users\raing\AppData\Roaming\npm-cache\grunt-dep-serve\0.0.2\package.tgz not in flight; packing
76 verbose tar pack [ 'C:\\Users\\raing\\AppData\\Roaming\\npm-cache\\grunt-dep-serve\\0.0.2\\package.tgz',
76 verbose tar pack   'C:\\Users\\raing\\AppData\\Local\\Temp\\npm-9244-a5e5a575\\git-cache-49b6c5a54dfc\\bd9fe8b1cd2b4338f2a619c401a8b590bbee0418' ]
77 verbose tarball C:\Users\raing\AppData\Roaming\npm-cache\grunt-dep-serve\0.0.2\package.tgz
78 verbose folder C:\Users\raing\AppData\Local\Temp\npm-9244-a5e5a575\git-cache-49b6c5a54dfc\bd9fe8b1cd2b4338f2a619c401a8b590bbee0418
79 verbose addLocalTarball adding from inside cache C:\Users\raing\AppData\Roaming\npm-cache\grunt-dep-serve\0.0.2\package.tgz
80 verbose addRemoteGit data._from: git+https://github.com/GeneralElectric/grunt-dep-serve.git#master
81 verbose addRemoteGit data._resolved: git+https://github.com/GeneralElectric/grunt-dep-serve.git#bd9fe8b1cd2b4338f2a619c401a8b590bbee0418
82 silly cache afterAdd grunt-dep-serve@0.0.2
83 verbose afterAdd C:\Users\raing\AppData\Roaming\npm-cache\grunt-dep-serve\0.0.2\package\package.json not in flight; writing
84 verbose afterAdd C:\Users\raing\AppData\Roaming\npm-cache\grunt-dep-serve\0.0.2\package\package.json written
85 verbose stack Error: Command failed: git -c core.longpaths=true clone --template=C:\Users\raing\AppData\Roaming\npm-cache\_git-remotes\_templates --mirror git://github.build.ge.com/DT/webdriver-support.git C:\Users\raing\AppData\Roaming\npm-cache\_git-remotes\git-github-build-ge-com-DT-webdriver-support-git-f2c4bae3
85 verbose stack Cloning into bare repository 'C:\Users\raing\AppData\Roaming\npm-cache\_git-remotes\git-github-build-ge-com-DT-webdriver-support-git-f2c4bae3'...
85 verbose stack fatal: Unable to look up github.build.ge.com (port 9418) (No such host is known. )
85 verbose stack
85 verbose stack     at ChildProcess.exithandler (child_process.js:213:12)
85 verbose stack     at emitTwo (events.js:87:13)
85 verbose stack     at ChildProcess.emit (events.js:172:7)
85 verbose stack     at maybeClose (internal/child_process.js:821:16)
85 verbose stack     at Socket.<anonymous> (internal/child_process.js:319:11)
85 verbose stack     at emitOne (events.js:77:13)
85 verbose stack     at Socket.emit (events.js:169:7)
85 verbose stack     at Pipe._onclose (net.js:469:12)
86 verbose cwd C:\Users\raing\Desktop\px-dropdown
87 error Windows_NT 10.0.10240
88 error argv "C:\\Program Files (x86)\\nodejs\\node.exe" "C:\\Program Files (x86)\\nodejs\\node_modules\\npm\\bin\\npm-cli.js" "install"
89 error node v4.2.6
90 error npm  v2.14.12
91 error code 128
92 error Command failed: git -c core.longpaths=true clone --template=C:\Users\raing\AppData\Roaming\npm-cache\_git-remotes\_templates --mirror git://github.build.ge.com/DT/webdriver-support.git C:\Users\raing\AppData\Roaming\npm-cache\_git-remotes\git-github-build-ge-com-DT-webdriver-support-git-f2c4bae3
92 error Cloning into bare repository 'C:\Users\raing\AppData\Roaming\npm-cache\_git-remotes\git-github-build-ge-com-DT-webdriver-support-git-f2c4bae3'...
92 error fatal: Unable to look up github.build.ge.com (port 9418) (No such host is known. )
93 error If you need help, you may report this error at:
93 error     <https://github.com/npm/npm/issues>
94 verbose exit [ 1, true ]
